2021-10-13 06:04:58:255 [Appium] Welcome to Appium v1.22.0
2021-10-13 06:04:58:257 [Appium] Non-default server args:
2021-10-13 06:04:58:258 [Appium]   port: 15227
2021-10-13 06:04:58:259 [Appium]   sessionOverride: true
2021-10-13 06:04:58:259 [Appium]   logFile: C:\Users\Naim\Desktop\IT\Projeler IntelliJ\wikiCucumber2\Android_serkanEmulator\Server.log
2021-10-13 06:04:58:320 [Appium] Appium REST http interface listener started on 0.0.0.0:15227
2021-10-13 06:04:58:736 [HTTP] --> GET /wd/hub/status
2021-10-13 06:04:58:737 [HTTP] {}
2021-10-13 06:04:58:740 [GENERIC] Calling AppiumDriver.getStatus() with args: []
2021-10-13 06:04:58:742 [GENERIC] Responding to client with driver.getStatus() result: {"build":{"version":"1.22.0"}}
2021-10-13 06:04:58:752 [HTTP] <-- GET /wd/hub/status 200 12 ms - 68
2021-10-13 06:04:58:753 [HTTP] 
2021-10-13 06:04:58:761 [HTTP] --> GET /wd/hub/status
2021-10-13 06:04:58:761 [HTTP] {}
2021-10-13 06:04:58:762 [GENERIC] Calling AppiumDriver.getStatus() with args: []
2021-10-13 06:04:58:763 [GENERIC] Responding to client with driver.getStatus() result: {"build":{"version":"1.22.0"}}
2021-10-13 06:04:58:765 [HTTP] <-- GET /wd/hub/status 200 4 ms - 68
2021-10-13 06:04:58:765 [HTTP] 
2021-10-13 06:05:00:105 [HTTP] --> POST /wd/hub/session
2021-10-13 06:05:00:106 [HTTP] {"desiredCapabilities":{"appActivity":"org.wikipedia.main.MainActivity","appPackage":"org.wikipedia","automationName":"UiAutomator2","chromeDriverPort":"11000","platformName":"Android","udid":"emulator-5554","deviceName":"serkanEmulator","systemPort":"10000"},"capabilities":{"firstMatch":[{"appium:appActivity":"org.wikipedia.main.MainActivity","appium:appPackage":"org.wikipedia","appium:automationName":"UiAutomator2","chromeDriverPort":"11000","appium:deviceName":"serkanEmulator","platformName":"android","appium:systemPort":"10000","appium:udid":"emulator-5554"}]}}
2021-10-13 06:05:00:109 [W3C] Calling AppiumDriver.createSession() with args: [{"appActivity":"org.wikipedia.main.MainActivity","appPackage":"org.wikipedia","automationName":"UiAutomator2","chromeDriverPort":"11000","platformName":"Android","udid":"emulator-5554","deviceName":"serkanEmulator","systemPort":"10000"},null,{"firstMatch":[{"appium:appActivity":"org.wikipedia.main.MainActivity","appium:appPackage":"org.wikipedia","appium:automationName":"UiAutomator2","chromeDriverPort":"11000","appium:deviceName":"serkanEmulator","platformName":"android","appium:systemPort":"10000","appium:udid":"emulator-5554"}]}]
2021-10-13 06:05:00:111 [BaseDriver] Event 'newSessionRequested' logged at 1634105100109 (08:05:00 GMT+0200 (Central European Summer Time))
2021-10-13 06:05:00:120 [BaseDriver] The following capabilities are not standard capabilities and should have an extension prefix:
2021-10-13 06:05:00:123 [BaseDriver]   chromeDriverPort
2021-10-13 06:05:02:045 [Appium] Appium v1.22.0 creating new AndroidUiautomator2Driver (v1.69.0) session
2021-10-13 06:05:02:046 [Appium] There are no active sessions for cleanup
2021-10-13 06:05:02:056 [BaseDriver] W3C capabilities and MJSONWP desired capabilities were provided
2021-10-13 06:05:02:056 [BaseDriver] Creating session with W3C capabilities: {
2021-10-13 06:05:02:057 [BaseDriver]   "alwaysMatch": {
2021-10-13 06:05:02:057 [BaseDriver]     "appium:chromeDriverPort": "11000",
2021-10-13 06:05:02:057 [BaseDriver]     "platformName": "android",
2021-10-13 06:05:02:058 [BaseDriver]     "appium:appActivity": "org.wikipedia.main.MainActivity",
2021-10-13 06:05:02:058 [BaseDriver]     "appium:appPackage": "org.wikipedia",
2021-10-13 06:05:02:059 [BaseDriver]     "appium:automationName": "UiAutomator2",
2021-10-13 06:05:02:059 [BaseDriver]     "appium:deviceName": "serkanEmulator",
2021-10-13 06:05:02:061 [BaseDriver]     "appium:systemPort": "10000",
2021-10-13 06:05:02:062 [BaseDriver]     "appium:udid": "emulator-5554"
2021-10-13 06:05:02:062 [BaseDriver]   },
2021-10-13 06:05:02:063 [BaseDriver]   "firstMatch": [
2021-10-13 06:05:02:063 [BaseDriver]     {}
2021-10-13 06:05:02:063 [BaseDriver]   ]
2021-10-13 06:05:02:064 [BaseDriver] }
2021-10-13 06:05:02:069 [BaseDriver] Number capability passed in as string. Functionality may be compromised.
2021-10-13 06:05:02:070 [BaseDriver] Number capability passed in as string. Functionality may be compromised.
2021-10-13 06:05:02:077 [BaseDriver] Capability 'systemPort' changed from string ('10000') to integer (10000). This may cause unexpected behavior
2021-10-13 06:05:02:079 [BaseDriver] Capability 'chromeDriverPort' changed from string ('11000') to integer (11000). This may cause unexpected behavior
2021-10-13 06:05:02:087 [BaseDriver] Session created with session id: 5918069f-58f8-4741-a758-4884db986da5
2021-10-13 06:05:02:088 [UiAutomator2] Starting 'org.wikipedia' directly on the device
2021-10-13 06:05:02:145 [ADB] Found 2 'build-tools' folders under 'C:\Users\Naim\AppData\Local\Android\Sdk' (newest first):
2021-10-13 06:05:02:146 [ADB]     C:/Users/Naim/AppData/Local/Android/Sdk/build-tools/31.0.0
2021-10-13 06:05:02:146 [ADB]     C:/Users/Naim/AppData/Local/Android/Sdk/build-tools/30.0.2
2021-10-13 06:05:02:149 [ADB] Using 'adb.exe' from 'C:\Users\Naim\AppData\Local\Android\Sdk\platform-tools\adb.exe'
2021-10-13 06:05:02:150 [ADB] Running 'C:\Users\Naim\AppData\Local\Android\Sdk\platform-tools\adb.exe -P 5037 start-server'
2021-10-13 06:05:02:217 [AndroidDriver] Retrieving device list
2021-10-13 06:05:02:219 [ADB] Trying to find a connected android device
2021-10-13 06:05:02:221 [ADB] Getting connected devices
2021-10-13 06:05:02:304 [ADB] Connected devices: [{"udid":"emulator-5554","state":"device"}]
2021-10-13 06:05:02:305 [AndroidDriver] Using device: emulator-5554
2021-10-13 06:05:02:312 [ADB] Using 'adb.exe' from 'C:\Users\Naim\AppData\Local\Android\Sdk\platform-tools\adb.exe'
2021-10-13 06:05:02:313 [ADB] Running 'C:\Users\Naim\AppData\Local\Android\Sdk\platform-tools\adb.exe -P 5037 start-server'
2021-10-13 06:05:02:424 [ADB] Setting device id to emulator-5554
2021-10-13 06:05:02:425 [ADB] Running 'C:\Users\Naim\AppData\Local\Android\Sdk\platform-tools\adb.exe -P 5037 -s emulator-5554 shell getprop ro.build.version.sdk'
2021-10-13 06:05:02:542 [ADB] Current device property 'ro.build.version.sdk': 30
2021-10-13 06:05:02:543 [ADB] Getting device platform version
2021-10-13 06:05:02:544 [ADB] Running 'C:\Users\Naim\AppData\Local\Android\Sdk\platform-tools\adb.exe -P 5037 -s emulator-5554 shell getprop ro.build.version.release'
2021-10-13 06:05:02:635 [ADB] Current device property 'ro.build.version.release': 11
2021-10-13 06:05:02:636 [ADB] Device API level: 30
2021-10-13 06:05:02:636 [UiAutomator2] Relaxing hidden api policy
2021-10-13 06:05:02:637 [ADB] Running 'C:\Users\Naim\AppData\Local\Android\Sdk\platform-tools\adb.exe -P 5037 -s emulator-5554 shell 'settings put global hidden_api_policy_pre_p_apps 1;settings put global hidden_api_policy_p_apps 1;settings put global hidden_api_policy 1''
2021-10-13 06:05:02:821 [AndroidDriver] No app sent in, not parsing package/activity
2021-10-13 06:05:02:822 [ADB] Running 'C:\Users\Naim\AppData\Local\Android\Sdk\platform-tools\adb.exe -P 5037 -s emulator-5554 wait-for-device'
2021-10-13 06:05:02:884 [ADB] Running 'C:\Users\Naim\AppData\Local\Android\Sdk\platform-tools\adb.exe -P 5037 -s emulator-5554 shell echo ping'
2021-10-13 06:05:02:952 [AndroidDriver] Pushing settings apk to device...
2021-10-13 06:05:02:953 [ADB] Getting install status for io.appium.settings
2021-10-13 06:05:02:954 [ADB] Running 'C:\Users\Naim\AppData\Local\Android\Sdk\platform-tools\adb.exe -P 5037 -s emulator-5554 shell dumpsys package io.appium.settings'
2021-10-13 06:05:03:187 [ADB] 'io.appium.settings' is installed
2021-10-13 06:05:03:188 [ADB] Getting package info for 'io.appium.settings'
2021-10-13 06:05:03:188 [ADB] Running 'C:\Users\Naim\AppData\Local\Android\Sdk\platform-tools\adb.exe -P 5037 -s emulator-5554 shell dumpsys package io.appium.settings'
2021-10-13 06:05:03:300 [ADB] The version name of the installed 'io.appium.settings' is greater or equal to the application version name ('3.4.0' >= '3.4.0')
2021-10-13 06:05:03:301 [ADB] There is no need to install/upgrade 'C:\Users\Naim\AppData\Roaming\npm\node_modules\appium\node_modules\io.appium.settings\apks\settings_apk-debug.apk'
2021-10-13 06:05:03:301 [ADB] Getting IDs of all 'io.appium.settings' processes
2021-10-13 06:05:03:302 [ADB] Running 'C:\Users\Naim\AppData\Local\Android\Sdk\platform-tools\adb.exe -P 5037 -s emulator-5554 shell 'pgrep --help; echo $?''
2021-10-13 06:05:03:380 [ADB] Running 'C:\Users\Naim\AppData\Local\Android\Sdk\platform-tools\adb.exe -P 5037 -s emulator-5554 shell pgrep -f \(\[\[:blank:\]\]\|\^\)io\.appium\.settings\(\[\[:blank:\]\]\|\$\)'
2021-10-13 06:05:03:506 [AndroidDriver] io.appium.settings is already running. There is no need to reset its permissions.
2021-10-13 06:05:03:508 [Logcat] Starting logs capture with command: C:\\Users\\Naim\\AppData\\Local\\Android\\Sdk\\platform-tools\\adb.exe -P 5037 -s emulator-5554 logcat -v threadtime
2021-10-13 06:05:03:574 [UiAutomator2] Forwarding UiAutomator2 Server port 6790 to local port 10000
2021-10-13 06:05:03:583 [ADB] Forwarding system: 10000 to device: 6790
2021-10-13 06:05:03:583 [ADB] Running 'C:\Users\Naim\AppData\Local\Android\Sdk\platform-tools\adb.exe -P 5037 -s emulator-5554 forward tcp:10000 tcp:6790'
2021-10-13 06:05:03:674 [ADB] Getting install status for io.appium.uiautomator2.server
2021-10-13 06:05:03:675 [ADB] Running 'C:\Users\Naim\AppData\Local\Android\Sdk\platform-tools\adb.exe -P 5037 -s emulator-5554 shell dumpsys package io.appium.uiautomator2.server'
2021-10-13 06:05:03:858 [ADB] 'io.appium.uiautomator2.server' is installed
2021-10-13 06:05:03:859 [ADB] Getting package info for 'io.appium.uiautomator2.server'
2021-10-13 06:05:03:860 [ADB] Running 'C:\Users\Naim\AppData\Local\Android\Sdk\platform-tools\adb.exe -P 5037 -s emulator-5554 shell dumpsys package io.appium.uiautomator2.server'
2021-10-13 06:05:04:090 [ADB] The version name of the installed 'io.appium.uiautomator2.server' is greater or equal to the application version name ('4.24.0' >= '4.24.0')
2021-10-13 06:05:04:091 [UiAutomator2] io.appium.uiautomator2.server installation state: sameVersionInstalled
2021-10-13 06:05:04:092 [ADB] Checking app cert for C:\Users\Naim\AppData\Roaming\npm\node_modules\appium\node_modules\appium-uiautomator2-server\apks\appium-uiautomator2-server-v4.24.0.apk
2021-10-13 06:05:04:127 [ADB] Using 'apksigner.jar' from 'C:\Users\Naim\AppData\Local\Android\Sdk\build-tools\31.0.0\lib\apksigner.jar'
2021-10-13 06:05:04:130 [ADB] Starting apksigner: 'C:\\Program Files\\Java\\jdk1.8.0_301\\bin\\java.exe' -Xmx1024M -Xss1m -jar C:\\Users\\Naim\\AppData\\Local\\Android\\Sdk\\build-tools\\31.0.0\\lib\\apksigner.jar verify --print-certs C:\\Users\\Naim\\AppData\\Roaming\\npm\\node_modules\\appium\\node_modules\\appium-uiautomator2-server\\apks\\appium-uiautomator2-server-v4.24.0.apk
2021-10-13 06:05:06:414 [ADB] apksigner stdout: Signer #1 certificate DN: EMAILADDRESS=android@android.com, CN=Android, OU=Android, O=Android, L=Mountain View, ST=California, C=US
2021-10-13 06:05:06:415 [ADB] Signer #1 certificate SHA-256 digest: a40da80a59d170caa950cf15c18c454d47a39b26989d8b640ecd745ba71bf5dc
2021-10-13 06:05:06:415 [ADB] Signer #1 certificate SHA-1 digest: 61ed377e85d386a8dfee6b864bd85b0bfaa5af81
2021-10-13 06:05:06:415 [ADB] Signer #1 certificate MD5 digest: e89b158e4bcf988ebd09eb83f5378e87
2021-10-13 06:05:06:416 [ADB] 
2021-10-13 06:05:06:417 [ADB] sha256 hash did match for 'appium-uiautomator2-server-v4.24.0.apk'
2021-10-13 06:05:06:417 [ADB] 'C:\Users\Naim\AppData\Roaming\npm\node_modules\appium\node_modules\appium-uiautomator2-server\apks\appium-uiautomator2-server-v4.24.0.apk' is signed with the default certificate
2021-10-13 06:05:06:418 [ADB] Getting install status for io.appium.uiautomator2.server.test
2021-10-13 06:05:06:418 [ADB] Running 'C:\Users\Naim\AppData\Local\Android\Sdk\platform-tools\adb.exe -P 5037 -s emulator-5554 shell dumpsys package io.appium.uiautomator2.server.test'
2021-10-13 06:05:06:595 [ADB] 'io.appium.uiautomator2.server.test' is installed
2021-10-13 06:05:06:595 [ADB] Checking app cert for C:\Users\Naim\AppData\Roaming\npm\node_modules\appium\node_modules\appium-uiautomator2-server\apks\appium-uiautomator2-server-debug-androidTest.apk
2021-10-13 06:05:06:610 [ADB] Starting apksigner: 'C:\\Program Files\\Java\\jdk1.8.0_301\\bin\\java.exe' -Xmx1024M -Xss1m -jar C:\\Users\\Naim\\AppData\\Local\\Android\\Sdk\\build-tools\\31.0.0\\lib\\apksigner.jar verify --print-certs C:\\Users\\Naim\\AppData\\Roaming\\npm\\node_modules\\appium\\node_modules\\appium-uiautomator2-server\\apks\\appium-uiautomator2-server-debug-androidTest.apk
2021-10-13 06:05:08:850 [ADB] apksigner stdout: Signer #1 certificate DN: EMAILADDRESS=android@android.com, CN=Android, OU=Android, O=Android, L=Mountain View, ST=California, C=US
2021-10-13 06:05:08:853 [ADB] Signer #1 certificate SHA-256 digest: a40da80a59d170caa950cf15c18c454d47a39b26989d8b640ecd745ba71bf5dc
2021-10-13 06:05:08:854 [ADB] Signer #1 certificate SHA-1 digest: 61ed377e85d386a8dfee6b864bd85b0bfaa5af81
2021-10-13 06:05:08:854 [ADB] Signer #1 certificate MD5 digest: e89b158e4bcf988ebd09eb83f5378e87
2021-10-13 06:05:08:854 [ADB] 
2021-10-13 06:05:08:855 [ADB] sha256 hash did match for 'appium-uiautomator2-server-debug-androidTest.apk'
2021-10-13 06:05:08:855 [ADB] 'C:\Users\Naim\AppData\Roaming\npm\node_modules\appium\node_modules\appium-uiautomator2-server\apks\appium-uiautomator2-server-debug-androidTest.apk' is signed with the default certificate
2021-10-13 06:05:08:856 [UiAutomator2] Server packages are not going to be (re)installed
2021-10-13 06:05:08:862 [UiAutomator2] Waiting up to 30000ms for services to be available
2021-10-13 06:05:08:863 [ADB] Running 'C:\Users\Naim\AppData\Local\Android\Sdk\platform-tools\adb.exe -P 5037 -s emulator-5554 shell pm list instrumentation'
2021-10-13 06:05:08:973 [UiAutomator2] Instrumentation target 'io.appium.uiautomator2.server.test/androidx.test.runner.AndroidJUnitRunner' is available
2021-10-13 06:05:08:978 [ADB] Adding packages ["io.appium.settings","io.appium.uiautomator2.server","io.appium.uiautomator2.server.test"] to Doze whitelist
2021-10-13 06:05:08:979 [ADB] Got the following command chunks to execute: [["dumpsys","deviceidle","whitelist","+io.appium.settings",";","dumpsys","deviceidle","whitelist","+io.appium.uiautomator2.server",";","dumpsys","deviceidle","whitelist","+io.appium.uiautomator2.server.test",";"]]
2021-10-13 06:05:08:980 [ADB] Running 'C:\Users\Naim\AppData\Local\Android\Sdk\platform-tools\adb.exe -P 5037 -s emulator-5554 shell dumpsys deviceidle whitelist +io.appium.settings ; dumpsys deviceidle whitelist +io.appium.uiautomator2.server ; dumpsys deviceidle whitelist +io.appium.uiautomator2.server.test ;'
2021-10-13 06:05:09:123 [UiAutomator2] No app capability. Assuming it is already on the device
2021-10-13 06:05:09:124 [ADB] Getting install status for org.wikipedia
2021-10-13 06:05:09:125 [ADB] Running 'C:\Users\Naim\AppData\Local\Android\Sdk\platform-tools\adb.exe -P 5037 -s emulator-5554 shell dumpsys package org.wikipedia'
2021-10-13 06:05:09:236 [ADB] 'org.wikipedia' is installed
2021-10-13 06:05:09:237 [ADB] Running 'C:\Users\Naim\AppData\Local\Android\Sdk\platform-tools\adb.exe -P 5037 -s emulator-5554 shell am force-stop org.wikipedia'
2021-10-13 06:05:09:429 [ADB] Running 'C:\Users\Naim\AppData\Local\Android\Sdk\platform-tools\adb.exe -P 5037 -s emulator-5554 shell pm clear org.wikipedia'
2021-10-13 06:05:09:577 [AndroidDriver] Performed fast reset on the installed 'org.wikipedia' application (stop and clear)
2021-10-13 06:05:09:578 [UiAutomator2] Performing shallow cleanup of automation leftovers
2021-10-13 06:05:09:611 [UiAutomator2] No obsolete sessions have been detected (socket hang up)
2021-10-13 06:05:09:611 [ADB] Running 'C:\Users\Naim\AppData\Local\Android\Sdk\platform-tools\adb.exe -P 5037 -s emulator-5554 shell am force-stop io.appium.uiautomator2.server.test'
2021-10-13 06:05:09:841 [UiAutomator2] Starting UIAutomator2 server 4.24.0
2021-10-13 06:05:09:841 [UiAutomator2] Using UIAutomator2 server from 'C:\Users\Naim\AppData\Roaming\npm\node_modules\appium\node_modules\appium-uiautomator2-server\apks\appium-uiautomator2-server-v4.24.0.apk' and test from 'C:\Users\Naim\AppData\Roaming\npm\node_modules\appium\node_modules\appium-uiautomator2-server\apks\appium-uiautomator2-server-debug-androidTest.apk'
2021-10-13 06:05:09:841 [UiAutomator2] Waiting up to 30000ms for UiAutomator2 to be online...
2021-10-13 06:05:09:842 [ADB] Creating ADB subprocess with args: ["-P",5037,"-s","emulator-5554","shell","am","instrument","-w","-e","disableAnalytics",true,"io.appium.uiautomator2.server.test/androidx.test.runner.AndroidJUnitRunner"]
2021-10-13 06:05:09:853 [WD Proxy] Matched '/status' to command name 'getStatus'
2021-10-13 06:05:09:856 [WD Proxy] Proxying [GET /status] to [GET http://127.0.0.1:10000/wd/hub/status] with no body
2021-10-13 06:05:09:874 [WD Proxy] socket hang up
2021-10-13 06:05:10:876 [WD Proxy] Matched '/status' to command name 'getStatus'
2021-10-13 06:05:10:877 [WD Proxy] Proxying [GET /status] to [GET http://127.0.0.1:10000/wd/hub/status] with no body
2021-10-13 06:05:10:887 [WD Proxy] socket hang up
2021-10-13 06:05:11:247 [Instrumentation] io.appium.uiautomator2.server.test.AppiumUiAutomator2Server:
2021-10-13 06:05:11:889 [WD Proxy] Matched '/status' to command name 'getStatus'
2021-10-13 06:05:11:889 [WD Proxy] Proxying [GET /status] to [GET http://127.0.0.1:10000/wd/hub/status] with no body
2021-10-13 06:05:11:897 [WD Proxy] socket hang up
2021-10-13 06:05:12:898 [WD Proxy] Matched '/status' to command name 'getStatus'
2021-10-13 06:05:12:899 [WD Proxy] Proxying [GET /status] to [GET http://127.0.0.1:10000/wd/hub/status] with no body
2021-10-13 06:05:13:090 [WD Proxy] Got response with status 200: {"sessionId":"None","value":{"message":"UiAutomator2 Server is ready to accept commands","ready":true}}
2021-10-13 06:05:13:091 [UiAutomator2] The initialization of the instrumentation process took 3249ms
2021-10-13 06:05:13:092 [WD Proxy] Matched '/session' to command name 'createSession'
2021-10-13 06:05:13:092 [WD Proxy] Proxying [POST /session] to [POST http://127.0.0.1:10000/wd/hub/session] with body: {"capabilities":{"firstMatch":[{"platform":"LINUX","webStorageEnabled":false,"takesScreenshot":true,"javascriptEnabled":true,"databaseEnabled":false,"networkConnectionEnabled":true,"locationContextEnabled":false,"warnings":{},"desired":{"platformName":"android","chromeDriverPort":11000,"appActivity":"org.wikipedia.main.MainActivity","appPackage":"org.wikipedia","automationName":"UiAutomator2","deviceName":"serkanEmulator","systemPort":10000,"udid":"emulator-5554"},"platformName":"android","chromeDriverPort":11000,"appActivity":"org.wikipedia.main.MainActivity","appPackage":"org.wikipedia","automationName":"UiAutomator2","deviceName":"emulator-5554","systemPort":10000,"udid":"emulator-5554","deviceUDID":"emulator-5554"}],"alwaysMatch":{}}}
2021-10-13 06:05:13:159 [WD Proxy] Got response with status 200: {"sessionId":"5d091dbd-2114-4f04-ae55-35f0481c3be6","value":{"capabilities":{"firstMatch":[{"platform":"LINUX","webStorageEnabled":false,"takesScreenshot":true,"javascriptEnabled":true,"databaseEnabled":false,"networkConnectionEnabled":true,"locationContextEnabled":false,"warnings":{},"desired":{"platformName":"android","chromeDriverPort":11000,"appActivity":"org.wikipedia.main.MainActivity","appPackage":"org.wikipedia","automationName":"UiAutomator2","deviceName":"serkanEmulator","systemPort":10000,"udid":"emulator-5554"},"platformName":"android","chromeDriverPort":11000,"appActivity":"org.wikipedia.main.MainActivity","appPackage":"org.wikipedia","automationName":"UiAutomator2","deviceName":"emulator-5554","systemPort":10000,"udid":"emulator-5554","deviceUDID":"emulator-5554"}],"alwaysMatch":{}},"sessionId":"5d091dbd-2114-4f04-ae55-35f0481c3be6"}}
2021-10-13 06:05:13:160 [WD Proxy] Determined the downstream protocol as 'W3C'
2021-10-13 06:05:13:193 [WD Proxy] Proxying [GET /appium/device/info] to [GET http://127.0.0.1:10000/wd/hub/session/5d091dbd-2114-4f04-ae55-35f0481c3be6/appium/device/info] with no body
2021-10-13 06:05:13:247 [WD Proxy] Got response with status 200: {"sessionId":"5d091dbd-2114-4f04-ae55-35f0481c3be6","value":{"androidId":"7a934f0ed9183478","apiVersion":"30","bluetooth":{"state":"ON"},"brand":"google","carrierName":"Android","displayDensity":440,"locale":"en_US","manufacturer":"Google","model":"sdk_gphone_x86","networks":[{"capabilities":{"SSID":null,"linkDownBandwidthKbps":30000,"linkUpstreamBandwidthKbps":15000,"networkCapabilities":"NET_CAPABILITY_MMS,NET_CAPABILITY_SUPL,NET_CAPABILITY_DUN,NET_CAPABILITY_FOTA,NET_CAPABILITY_IMS,NET_CAPABILITY_CBS,NET_CAPABILITY_INTERNET,NET_CAPABILITY_NOT_RESTRICTED,NET_CAPABILITY_TRUSTED,NET_CAPABILITY_NOT_VPN,NET_CAPABILITY_VALIDATED,NET_CAPABILITY_NOT_ROAMING,NET_CAPABILITY_FOREGROUND,NET_CAPABILITY_NOT_CONGESTED,NET_CAPABILITY_NOT_SUSPENDED","signalStrength":-2147483648,"transportTypes":"TRANSPORT_CELLULAR"},"detailedState":"CONNECTED","extraInfo":"epc.tmobile.com","isAvailable":true,"isConnected":true,"isFailover":false,"isRoaming":false,"state":"CONNECTED","subtype":13,"subtypeName":"LTE","type":0,"typeName":"...
2021-10-13 06:05:13:248 [ADB] Running 'C:\Users\Naim\AppData\Local\Android\Sdk\platform-tools\adb.exe -P 5037 -s emulator-5554 shell dumpsys window'
2021-10-13 06:05:13:395 [AndroidDriver] Screen already unlocked, doing nothing
2021-10-13 06:05:13:396 [UiAutomator2] Starting 'org.wikipedia/org.wikipedia.main.MainActivity and waiting for 'org.wikipedia/org.wikipedia.main.MainActivity'
2021-10-13 06:05:13:398 [ADB] Running 'C:\Users\Naim\AppData\Local\Android\Sdk\platform-tools\adb.exe -P 5037 -s emulator-5554 shell am start -W -n org.wikipedia/org.wikipedia.main.MainActivity -S -a android.intent.action.MAIN -c android.intent.category.LAUNCHER -f 0x10200000'
2021-10-13 06:05:17:073 [WD Proxy] Proxying [GET /appium/device/pixel_ratio] to [GET http://127.0.0.1:10000/wd/hub/session/5d091dbd-2114-4f04-ae55-35f0481c3be6/appium/device/pixel_ratio] with no body
2021-10-13 06:05:17:112 [WD Proxy] Got response with status 200: {"sessionId":"5d091dbd-2114-4f04-ae55-35f0481c3be6","value":2.75}
2021-10-13 06:05:17:115 [WD Proxy] Matched '/appium/device/system_bars' to command name 'getSystemBars'
2021-10-13 06:05:17:116 [WD Proxy] Proxying [GET /appium/device/system_bars] to [GET http://127.0.0.1:10000/wd/hub/session/5d091dbd-2114-4f04-ae55-35f0481c3be6/appium/device/system_bars] with no body
2021-10-13 06:05:17:136 [WD Proxy] Got response with status 200: {"sessionId":"5d091dbd-2114-4f04-ae55-35f0481c3be6","value":{"statusBar":66}}
2021-10-13 06:05:17:137 [WD Proxy] Matched '/window/current/size' to command name 'getWindowSize'
2021-10-13 06:05:17:137 [WD Proxy] Proxying [GET /window/current/size] to [GET http://127.0.0.1:10000/wd/hub/session/5d091dbd-2114-4f04-ae55-35f0481c3be6/window/current/size] with no body
2021-10-13 06:05:17:226 [WD Proxy] Got response with status 200: {"sessionId":"5d091dbd-2114-4f04-ae55-35f0481c3be6","value":{"height":2028,"width":1080}}
2021-10-13 06:05:17:227 [Appium] New AndroidUiautomator2Driver session created successfully, session 5918069f-58f8-4741-a758-4884db986da5 added to master session list
2021-10-13 06:05:17:229 [BaseDriver] Event 'newSessionStarted' logged at 1634105117229 (08:05:17 GMT+0200 (Central European Summer Time))
2021-10-13 06:05:17:231 [W3C (5918069f)] Cached the protocol value 'W3C' for the new session 5918069f-58f8-4741-a758-4884db986da5
2021-10-13 06:05:17:232 [W3C (5918069f)] Responding to client with driver.createSession() result: {"capabilities":{"platform":"LINUX","webStorageEnabled":false,"takesScreenshot":true,"javascriptEnabled":true,"databaseEnabled":false,"networkConnectionEnabled":true,"locationContextEnabled":false,"warnings":{},"desired":{"platformName":"android","chromeDriverPort":11000,"appActivity":"org.wikipedia.main.MainActivity","appPackage":"org.wikipedia","automationName":"UiAutomator2","deviceName":"serkanEmulator","systemPort":10000,"udid":"emulator-5554"},"platformName":"android","chromeDriverPort":11000,"appActivity":"org.wikipedia.main.MainActivity","appPackage":"org.wikipedia","automationName":"UiAutomator2","deviceName":"emulator-5554","systemPort":10000,"udid":"emulator-5554","deviceUDID":"emulator-5554","deviceApiLevel":30,"platformVersion":"11","deviceScreenSize":"1080x2160","deviceScreenDensity":440,"deviceModel":"sdk_gphone_x86","deviceManufacturer":"Google","pixelRatio":2.75,"statBarHeight":66,"viewportRect":{"left":0,"top":66,"width":1080,"height":1962}}}
2021-10-13 06:05:17:234 [HTTP] <-- POST /wd/hub/session 200 17129 ms - 1035
2021-10-13 06:05:17:235 [HTTP] 
2021-10-13 06:05:18:181 [HTTP] --> GET /wd/hub/session/5918069f-58f8-4741-a758-4884db986da5/context
2021-10-13 06:05:18:182 [HTTP] {}
2021-10-13 06:05:18:199 [W3C (5918069f)] Calling AppiumDriver.getCurrentContext() with args: ["5918069f-58f8-4741-a758-4884db986da5"]
2021-10-13 06:05:18:201 [W3C (5918069f)] Responding to client with driver.getCurrentContext() result: "NATIVE_APP"
2021-10-13 06:05:18:203 [HTTP] <-- GET /wd/hub/session/5918069f-58f8-4741-a758-4884db986da5/context 200 21 ms - 22
2021-10-13 06:05:18:203 [HTTP] 
2021-10-13 06:05:18:222 [HTTP] --> POST /wd/hub/session/5918069f-58f8-4741-a758-4884db986da5/element
2021-10-13 06:05:18:223 [HTTP] {"using":"xpath","value":"//android.widget.TextView[@text='Search Wikipedia']"}
2021-10-13 06:05:18:231 [W3C (5918069f)] Calling AppiumDriver.findElement() with args: ["xpath","//android.widget.TextView[@text='Search Wikipedia']","5918069f-58f8-4741-a758-4884db986da5"]
2021-10-13 06:05:18:232 [BaseDriver] Valid locator strategies for this request: xpath, id, class name, accessibility id, css selector, -android uiautomator
2021-10-13 06:05:18:233 [BaseDriver] Waiting up to 0 ms for condition
2021-10-13 06:05:18:235 [WD Proxy] Matched '/element' to command name 'findElement'
2021-10-13 06:05:18:235 [WD Proxy] Proxying [POST /element] to [POST http://127.0.0.1:10000/wd/hub/session/5d091dbd-2114-4f04-ae55-35f0481c3be6/element] with body: {"strategy":"xpath","selector":"//android.widget.TextView[@text='Search Wikipedia']","context":"","multiple":false}
2021-10-13 06:05:20:299 [WD Proxy] Got response with status 200: {"sessionId":"5d091dbd-2114-4f04-ae55-35f0481c3be6","value":{"ELEMENT":"00000000-0000-0078-ffff-ffff00000037","element-6066-11e4-a52e-4f735466cecf":"00000000-0000-0078-ffff-ffff00000037"}}
2021-10-13 06:05:20:301 [W3C (5918069f)] Responding to client with driver.findElement() result: {"element-6066-11e4-a52e-4f735466cecf":"00000000-0000-0078-ffff-ffff00000037","ELEMENT":"00000000-0000-0078-ffff-ffff00000037"}
2021-10-13 06:05:20:303 [HTTP] <-- POST /wd/hub/session/5918069f-58f8-4741-a758-4884db986da5/element 200 2080 ms - 137
2021-10-13 06:05:20:303 [HTTP] 
2021-10-13 06:05:20:313 [HTTP] --> POST /wd/hub/session/5918069f-58f8-4741-a758-4884db986da5/element/00000000-0000-0078-ffff-ffff00000037/click
2021-10-13 06:05:20:314 [HTTP] {"id":"00000000-0000-0078-ffff-ffff00000037"}
2021-10-13 06:05:20:318 [W3C (5918069f)] Calling AppiumDriver.click() with args: ["00000000-0000-0078-ffff-ffff00000037","5918069f-58f8-4741-a758-4884db986da5"]
2021-10-13 06:05:20:320 [WD Proxy] Matched '/element/00000000-0000-0078-ffff-ffff00000037/click' to command name 'click'
2021-10-13 06:05:20:321 [WD Proxy] Proxying [POST /element/00000000-0000-0078-ffff-ffff00000037/click] to [POST http://127.0.0.1:10000/wd/hub/session/5d091dbd-2114-4f04-ae55-35f0481c3be6/element/00000000-0000-0078-ffff-ffff00000037/click] with body: {"element":"00000000-0000-0078-ffff-ffff00000037"}
2021-10-13 06:05:20:940 [WD Proxy] Got response with status 200: {"sessionId":"5d091dbd-2114-4f04-ae55-35f0481c3be6","value":null}
2021-10-13 06:05:20:941 [W3C (5918069f)] Responding to client with driver.click() result: null
2021-10-13 06:05:20:943 [HTTP] <-- POST /wd/hub/session/5918069f-58f8-4741-a758-4884db986da5/element/00000000-0000-0078-ffff-ffff00000037/click 200 629 ms - 14
2021-10-13 06:05:20:943 [HTTP] 
2021-10-13 06:05:20:960 [HTTP] --> GET /wd/hub/session/5918069f-58f8-4741-a758-4884db986da5/context
2021-10-13 06:05:20:960 [HTTP] {}
2021-10-13 06:05:20:970 [W3C (5918069f)] Calling AppiumDriver.getCurrentContext() with args: ["5918069f-58f8-4741-a758-4884db986da5"]
2021-10-13 06:05:20:972 [W3C (5918069f)] Responding to client with driver.getCurrentContext() result: "NATIVE_APP"
2021-10-13 06:05:20:974 [HTTP] <-- GET /wd/hub/session/5918069f-58f8-4741-a758-4884db986da5/context 200 14 ms - 22
2021-10-13 06:05:20:975 [HTTP] 
2021-10-13 06:05:20:982 [HTTP] --> POST /wd/hub/session/5918069f-58f8-4741-a758-4884db986da5/element
2021-10-13 06:05:20:982 [HTTP] {"using":"id","value":"org.wikipedia:id/search_src_text"}
2021-10-13 06:05:20:983 [W3C (5918069f)] Calling AppiumDriver.findElement() with args: ["id","org.wikipedia:id/search_src_text","5918069f-58f8-4741-a758-4884db986da5"]
2021-10-13 06:05:20:984 [BaseDriver] Valid locator strategies for this request: xpath, id, class name, accessibility id, css selector, -android uiautomator
2021-10-13 06:05:20:985 [BaseDriver] Waiting up to 0 ms for condition
2021-10-13 06:05:20:986 [WD Proxy] Matched '/element' to command name 'findElement'
2021-10-13 06:05:20:986 [WD Proxy] Proxying [POST /element] to [POST http://127.0.0.1:10000/wd/hub/session/5d091dbd-2114-4f04-ae55-35f0481c3be6/element] with body: {"strategy":"id","selector":"org.wikipedia:id/search_src_text","context":"","multiple":false}
2021-10-13 06:05:21:935 [WD Proxy] Got response with status 200: {"sessionId":"5d091dbd-2114-4f04-ae55-35f0481c3be6","value":{"ELEMENT":"00000000-0000-0078-ffff-ffff00000076","element-6066-11e4-a52e-4f735466cecf":"00000000-0000-0078-ffff-ffff00000076"}}
2021-10-13 06:05:21:936 [W3C (5918069f)] Responding to client with driver.findElement() result: {"element-6066-11e4-a52e-4f735466cecf":"00000000-0000-0078-ffff-ffff00000076","ELEMENT":"00000000-0000-0078-ffff-ffff00000076"}
2021-10-13 06:05:21:939 [HTTP] <-- POST /wd/hub/session/5918069f-58f8-4741-a758-4884db986da5/element 200 956 ms - 137
2021-10-13 06:05:21:939 [HTTP] 
2021-10-13 06:05:21:953 [HTTP] --> POST /wd/hub/session/5918069f-58f8-4741-a758-4884db986da5/element/00000000-0000-0078-ffff-ffff00000076/value
2021-10-13 06:05:21:954 [HTTP] {"id":"00000000-0000-0078-ffff-ffff00000076","text":"Berlin","value":["B","e","r","l","i","n"]}
2021-10-13 06:05:21:956 [W3C (5918069f)] Calling AppiumDriver.setValue() with args: [["B","e","r","l","i","n"],"00000000-0000-0078-ffff-ffff00000076","5918069f-58f8-4741-a758-4884db986da5"]
2021-10-13 06:05:21:957 [WD Proxy] Matched '/element/00000000-0000-0078-ffff-ffff00000076/value' to command name 'setValue'
2021-10-13 06:05:21:958 [Protocol Converter] Added 'value' property ["B","e","r","l","i","n"] to 'setValue' request body
2021-10-13 06:05:21:959 [WD Proxy] Proxying [POST /element/00000000-0000-0078-ffff-ffff00000076/value] to [POST http://127.0.0.1:10000/wd/hub/session/5d091dbd-2114-4f04-ae55-35f0481c3be6/element/00000000-0000-0078-ffff-ffff00000076/value] with body: {"elementId":"00000000-0000-0078-ffff-ffff00000076","text":"Berlin","replace":false,"value":["B","e","r","l","i","n"]}
2021-10-13 06:05:25:167 [WD Proxy] Got response with status 200: {"sessionId":"5d091dbd-2114-4f04-ae55-35f0481c3be6","value":null}
2021-10-13 06:05:25:169 [W3C (5918069f)] Responding to client with driver.setValue() result: null
2021-10-13 06:05:25:171 [HTTP] <-- POST /wd/hub/session/5918069f-58f8-4741-a758-4884db986da5/element/00000000-0000-0078-ffff-ffff00000076/value 200 3217 ms - 14
2021-10-13 06:05:25:171 [HTTP] 
2021-10-13 06:05:25:181 [HTTP] --> GET /wd/hub/session/5918069f-58f8-4741-a758-4884db986da5/context
2021-10-13 06:05:25:182 [HTTP] {}
2021-10-13 06:05:25:183 [W3C (5918069f)] Calling AppiumDriver.getCurrentContext() with args: ["5918069f-58f8-4741-a758-4884db986da5"]
2021-10-13 06:05:25:184 [W3C (5918069f)] Responding to client with driver.getCurrentContext() result: "NATIVE_APP"
2021-10-13 06:05:25:187 [HTTP] <-- GET /wd/hub/session/5918069f-58f8-4741-a758-4884db986da5/context 200 4 ms - 22
2021-10-13 06:05:25:187 [HTTP] 
2021-10-13 06:05:25:194 [HTTP] --> POST /wd/hub/session/5918069f-58f8-4741-a758-4884db986da5/element
2021-10-13 06:05:25:195 [HTTP] {"using":"id","value":"org.wikipedia.alpha:id/search_lang_button"}
2021-10-13 06:05:25:196 [W3C (5918069f)] Calling AppiumDriver.findElement() with args: ["id","org.wikipedia.alpha:id/search_lang_button","5918069f-58f8-4741-a758-4884db986da5"]
2021-10-13 06:05:25:197 [BaseDriver] Valid locator strategies for this request: xpath, id, class name, accessibility id, css selector, -android uiautomator
2021-10-13 06:05:25:197 [BaseDriver] Waiting up to 0 ms for condition
2021-10-13 06:05:25:207 [WD Proxy] Matched '/element' to command name 'findElement'
2021-10-13 06:05:25:208 [WD Proxy] Proxying [POST /element] to [POST http://127.0.0.1:10000/wd/hub/session/5d091dbd-2114-4f04-ae55-35f0481c3be6/element] with body: {"strategy":"id","selector":"org.wikipedia.alpha:id/search_lang_button","context":"","multiple":false}
2021-10-13 06:05:26:544 [WD Proxy] Got response with status 404: {"sessionId":"5d091dbd-2114-4f04-ae55-35f0481c3be6","value":{"error":"no such element","message":"An element could not be located on the page using the given search parameters","stacktrace":"io.appium.uiautomator2.common.exceptions.ElementNotFoundException: An element could not be located on the page using the given search parameters\n\tat io.appium.uiautomator2.handler.FindElement.safeHandle(FindElement.java:70)\n\tat io.appium.uiautomator2.handler.request.SafeRequestHandler.handle(SafeRequestHandler.java:59)\n\tat io.appium.uiautomator2.server.AppiumServlet.handleRequest(AppiumServlet.java:264)\n\tat io.appium.uiautomator2.server.AppiumServlet.handleHttpRequest(AppiumServlet.java:258)\n\tat io.appium.uiautomator2.http.ServerHandler.channelRead(ServerHandler.java:68)\n\tat io.netty.channel.AbstractChannelHandlerContext.invokeChannelRead(AbstractChannelHandlerContext.java:366)\n\tat io.netty.channel.AbstractChannelHandlerContext.invokeChannelRead(AbstractChannelHandlerContext.java:352)\n\tat io.netty.chann...
2021-10-13 06:05:26:546 [W3C] Matched W3C error code 'no such element' to NoSuchElementError
2021-10-13 06:05:26:647 [W3C (5918069f)] Encountered internal error running command: NoSuchElementError: An element could not be located on the page using the given search parameters.
2021-10-13 06:05:26:648 [W3C (5918069f)]     at AndroidUiautomator2Driver.findElOrEls (C:\Users\Naim\AppData\Roaming\npm\node_modules\appium\node_modules\appium-android-driver\lib\commands\find.js:75:11)
2021-10-13 06:05:26:649 [W3C (5918069f)]     at processTicksAndRejections (internal/process/task_queues.js:95:5)
2021-10-13 06:05:26:649 [W3C (5918069f)]     at AndroidUiautomator2Driver.findElOrElsWithProcessing (C:\Users\Naim\AppData\Roaming\npm\node_modules\appium\node_modules\appium-base-driver\lib\basedriver\commands\find.js:33:12)
2021-10-13 06:05:26:650 [W3C (5918069f)]     at AndroidUiautomator2Driver.findElement (C:\Users\Naim\AppData\Roaming\npm\node_modules\appium\node_modules\appium-base-driver\lib\basedriver\commands\find.js:53:10)
2021-10-13 06:05:26:656 [HTTP] <-- POST /wd/hub/session/5918069f-58f8-4741-a758-4884db986da5/element 404 1457 ms - 875
2021-10-13 06:05:26:657 [HTTP] 
2021-10-13 06:05:26:701 [HTTP] --> DELETE /wd/hub/session/5918069f-58f8-4741-a758-4884db986da5
2021-10-13 06:05:26:702 [HTTP] {}
2021-10-13 06:05:26:704 [W3C (5918069f)] Calling AppiumDriver.deleteSession() with args: ["5918069f-58f8-4741-a758-4884db986da5"]
2021-10-13 06:05:26:705 [BaseDriver] Event 'quitSessionRequested' logged at 1634105126704 (08:05:26 GMT+0200 (Central European Summer Time))
2021-10-13 06:05:26:707 [Appium] Removing session 5918069f-58f8-4741-a758-4884db986da5 from our master session list
2021-10-13 06:05:26:710 [UiAutomator2] Deleting UiAutomator2 session
2021-10-13 06:05:26:713 [UiAutomator2] Deleting UiAutomator2 server session
2021-10-13 06:05:26:714 [WD Proxy] Matched '/' to command name 'deleteSession'
2021-10-13 06:05:26:717 [WD Proxy] Proxying [DELETE /] to [DELETE http://127.0.0.1:10000/wd/hub/session/5d091dbd-2114-4f04-ae55-35f0481c3be6] with no body
2021-10-13 06:05:26:875 [WD Proxy] Got response with status 200: {"sessionId":"5d091dbd-2114-4f04-ae55-35f0481c3be6","value":null}
2021-10-13 06:05:26:876 [ADB] Running 'C:\Users\Naim\AppData\Local\Android\Sdk\platform-tools\adb.exe -P 5037 -s emulator-5554 shell am force-stop org.wikipedia'
2021-10-13 06:05:27:770 [Instrumentation] .
2021-10-13 06:05:27:995 [Instrumentation] Time: 16.584
2021-10-13 06:05:27:996 [Instrumentation] 
2021-10-13 06:05:27:996 [Instrumentation] OK (1 test)
2021-10-13 06:05:29:198 [Instrumentation] The process has exited with code 0
2021-10-13 06:05:30:899 [Logcat] Stopping logcat capture
2021-10-13 06:05:30:916 [ADB] Removing forwarded port socket connection: 10000 
2021-10-13 06:05:30:916 [ADB] Running 'C:\Users\Naim\AppData\Local\Android\Sdk\platform-tools\adb.exe -P 5037 -s emulator-5554 forward --remove tcp:10000'
2021-10-13 06:05:30:973 [UiAutomator2] Restoring hidden api policy to the device default configuration
2021-10-13 06:05:30:974 [ADB] Running 'C:\Users\Naim\AppData\Local\Android\Sdk\platform-tools\adb.exe -P 5037 -s emulator-5554 shell 'settings delete global hidden_api_policy_pre_p_apps;settings delete global hidden_api_policy_p_apps;settings delete global hidden_api_policy''
2021-10-13 06:05:32:252 [BaseDriver] Event 'quitSessionFinished' logged at 1634105132251 (08:05:32 GMT+0200 (Central European Summer Time))
